# JRE version: Java(TM) SE Runtime Environment 18.9 (11.0.15+8) (build 11.0.15+8-LTS-149)
# Java VM: Java HotSpot(TM) 64-Bit Server VM 18.9 (11.0.15+8-LTS-149, mixed mode, tiered, compressed oops, g1 gc, windows-amd64)
Heap:
 garbage-first heap   total 312320K, used 37268K [0x0000000702c00000, 0x0000000800000000)
  region size 1024K, 25 young (25600K), 14 survivors (14336K)
 Metaspace       used 65554K, capacity 67783K, committed 67920K, reserved 1107968K
  class space    used 8500K, capacity 9371K, committed 9472K, reserved 1048576K
GC Heap History (10 events):
Event: 3.262 GC heap before
{Heap before GC invocations=5 (full 0):
 garbage-first heap   total 260096K, used 26611K [0x0000000702c00000, 0x0000000800000000)
  region size 1024K, 24 young (24576K), 10 survivors (10240K)
 Metaspace       used 34711K, capacity 35819K, committed 35888K, reserved 1081344K
  class space    used 4027K, capacity 4470K, committed 4480K, reserved 1048576K
}
Event: 3.269 GC heap after
{Heap after GC invocations=6 (full 0):
 garbage-first heap   total 260096K, used 13920K [0x0000000702c00000, 0x0000000800000000)
  region size 1024K, 10 young (10240K), 10 survivors (10240K)
 Metaspace       used 34711K, capacity 35819K, committed 35888K, reserved 1081344K
  class space    used 4027K, capacity 4470K, committed 4480K, reserved 1048576K
}
Event: 4.197 GC heap before
{Heap before GC invocations=7 (full 0):
 garbage-first heap   total 260096K, used 153184K [0x0000000702c00000, 0x0000000800000000)
  region size 1024K, 146 young (149504K), 10 survivors (10240K)
 Metaspace       used 44284K, capacity 45638K, committed 45744K, reserved 1089536K
  class space    used 5310K, capacity 5836K, committed 5888K, reserved 1048576K
}
Event: 4.207 GC heap after
{Heap after GC invocations=8 (full 0):
 garbage-first heap   total 260096K, used 19127K [0x0000000702c00000, 0x0000000800000000)
  region size 1024K, 15 young (15360K), 15 survivors (15360K)
 Metaspace       used 44284K, capacity 45638K, committed 45744K, reserved 1089536K
  class space    used 5310K, capacity 5836K, committed 5888K, reserved 1048576K
}
Event: 5.391 GC heap before
{Heap before GC invocations=8 (full 0):
 garbage-first heap   total 260096K, used 159415K [0x0000000702c00000, 0x0000000800000000)
  region size 1024K, 152 young (155648K), 15 survivors (15360K)
 Metaspace       used 56485K, capacity 58146K, committed 58160K, reserved 1099776K
  class space    used 7152K, capacity 7802K, committed 7808K, reserved 1048576K
}
Event: 5.404 GC heap after
{Heap after GC invocations=9 (full 0):
 garbage-first heap   total 260096K, used 22842K [0x0000000702c00000, 0x0000000800000000)
  region size 1024K, 14 young (14336K), 14 survivors (14336K)
 Metaspace       used 56485K, capacity 58146K, committed 58160K, reserved 1099776K
  class space    used 7152K, capacity 7802K, committed 7808K, reserved 1048576K
}
Event: 5.559 GC heap before
{Heap before GC invocations=9 (full 0):
 garbage-first heap   total 260096K, used 43322K [0x0000000702c00000, 0x0000000800000000)
  region size 1024K, 35 young (35840K), 14 survivors (14336K)
 Metaspace       used 58281K, capacity 60039K, committed 60240K, reserved 1101824K
  class space    used 7383K, capacity 8073K, committed 8192K, reserved 1048576K
}
Event: 5.569 GC heap after
{Heap after GC invocations=10 (full 0):
 garbage-first heap   total 312320K, used 23800K [0x0000000702c00000, 0x0000000800000000)
  region size 1024K, 11 young (11264K), 11 survivors (11264K)
 Metaspace       used 58281K, capacity 60039K, committed 60240K, reserved 1101824K
  class space    used 7383K, capacity 8073K, committed 8192K, reserved 1048576K
}
Event: 6.834 GC heap before
{Heap before GC invocations=11 (full 0):
 garbage-first heap   total 312320K, used 199928K [0x0000000702c00000, 0x0000000800000000)
  region size 1024K, 183 young (187392K), 11 survivors (11264K)
 Metaspace       used 65186K, capacity 67421K, committed 67536K, reserved 1107968K
  class space    used 8463K, capacity 9337K, committed 9344K, reserved 1048576K
}
Event: 6.841 GC heap after
{Heap after GC invocations=12 (full 0):
 garbage-first heap   total 312320K, used 27028K [0x0000000702c00000, 0x0000000800000000)
  region size 1024K, 14 young (14336K), 14 survivors (14336K)
 Metaspace       used 65186K, capacity 67421K, committed 67536K, reserved 1107968K
  class space    used 8463K, capacity 9337K, committed 9344K, reserved 1048576K
}

